<?xml version="1.0" encoding="UTF-8"?>
<!-- Generated by org.testng.reporters.JUnitXMLReporter -->
<testsuite hostname="SaiPersonal" ignored="0" name="TestForDemo1" tests="3" failures="0" timestamp="13 Feb 2019 15:44:45 GMT" time="140.047" errors="0">
  <testcase name="TestOrganisation2" time="40.795" classname="Demo1.Organisation2"/>
  <testcase name="TestOrganisation" time="44.505" classname="Demo1.Organisation"/>
  <testcase name="TestDeleteOrganisation" time="54.716" classname="Demo1.DeleteOrganisation"/>
</testsuite> <!-- TestForDemo1 -->
